<?xml version="1.0" encoding="UTF-8"?>
<!-- Generated by org.testng.reporters.JUnitXMLReporter -->
<testsuite ignored="0" hostname="DESKTOP-8U88CVR" failures="0" tests="5" name="Bikes" time="36.812" errors="0" timestamp="2025-06-02T17:04:06 IST">
  <testcase classname="testNGBikes.HondaBikeTC" name="honda" time="10.954"/>
  <testcase classname="testNGBikes.HarleyaDavidsonBikeTC" name="harleyDavidson" time="5.79"/>
  <testcase classname="testNGBikes.RoyalEnfieldBike" name="royalEnfiled" time="7.421"/>
  <testcase classname="testNGBikes.YamahaBikeTC" name="yamaha" time="7.279"/>
  <testcase classname="testNGBikes.BajajBikeTC" name="bajaj" time="5.27"/>
</testsuite> <!-- Bikes -->
