<?xml version="1.0" encoding="UTF-8"?>
<!-- Generated by org.testng.reporters.JUnitXMLReporter -->
<testsuite ignored="0" hostname="DESKTOP-8U88CVR" failures="0" tests="4" name="Test" time="23.175" errors="0" timestamp="2025-06-02T17:09:00 IST">
  <testcase classname="testNGBikes.BajajBikeTC" name="bajaj" time="22.855"/>
  <testcase classname="testNGBikes.HondaBikeTC" name="honda" time="23.056"/>
  <testcase classname="testNGBikes.RoyalEnfieldBike" name="royalEnfiled" time="23.073"/>
  <testcase classname="testNGBikes.HarleyaDavidsonBikeTC" name="harleyDavidson" time="23.105"/>
</testsuite> <!-- Test -->
