<?xml version="1.0" encoding="UTF-8"?>
<testng-results ignored="0" total="1" passed="1" failed="0" skipped="0">
  <reporter-output>
  </reporter-output>
  <suite started-at="2025-06-06T19:03:40 IST" name="Surefire suite" finished-at="2025-06-06T19:03:45 IST" duration-ms="5335">
    <groups>
    </groups>
    <test started-at="2025-06-06T19:03:40 IST" name="Surefire test" finished-at="2025-06-06T19:03:45 IST" duration-ms="5335">
      <class name="testPackage.MavenParameterization">
        <test-method signature="launchGoogleUsingParameter()[pri:0, instance:testPackage.MavenParameterization@7690781]" started-at="2025-06-06T19:03:40 IST" name="launchGoogleUsingParameter" finished-at="2025-06-06T19:03:45 IST" duration-ms="5248" status="PASS">
          <reporter-output>
          </reporter-output>
        </test-method> <!-- launchGoogleUsingParameter -->
      </class> <!-- testPackage.MavenParameterization -->
    </test> <!-- Surefire test -->
  </suite> <!-- Surefire suite -->
</testng-results>
